Determining if the function sgemm_ exists failed with the following output:
Change Dir: /home/xujiake/VScode_file/task3_ceres_project/ceres_solver/build/CMakeFiles/CMakeTmp

Run Build Command(s):/usr/bin/gmake -f Makefile cmTC_eddd4/fast && /usr/bin/gmake  -f CMakeFiles/cmTC_eddd4.dir/build.make CMakeFiles/cmTC_eddd4.dir/build
gmake[1]: Entering directory '/home/xujiake/VScode_file/task3_ceres_project/ceres_solver/build/CMakeFiles/CMakeTmp'
Building C object CMakeFiles/cmTC_eddd4.dir/CheckFunctionExists.c.o
/usr/bin/cc   -DCHECK_FUNCTION_EXISTS=sgemm_ -o CMakeFiles/cmTC_eddd4.dir/CheckFunctionExists.c.o -c /usr/share/cmake-3.22/Modules/CheckFunctionExists.c
Linking C executable cmTC_eddd4
/usr/bin/cmake -E cmake_link_script CMakeFiles/cmTC_eddd4.dir/link.txt --verbose=1
/usr/bin/cc  -DCHECK_FUNCTION_EXISTS=sgemm_ CMakeFiles/cmTC_eddd4.dir/CheckFunctionExists.c.o -o cmTC_eddd4 
/usr/bin/ld: CMakeFiles/cmTC_eddd4.dir/CheckFunctionExists.c.o: in function `main':
CheckFunctionExists.c:(.text+0x14): undefined reference to `sgemm_'
collect2: error: ld returned 1 exit status
gmake[1]: *** [CMakeFiles/cmTC_eddd4.dir/build.make:99: cmTC_eddd4] Error 1
gmake[1]: Leaving directory '/home/xujiake/VScode_file/task3_ceres_project/ceres_solver/build/CMakeFiles/CMakeTmp'
gmake: *** [Makefile:127: cmTC_eddd4/fast] Error 2



Determining if the function cheev_ exists failed with the following output:
Change Dir: /home/xujiake/VScode_file/task3_ceres_project/ceres_solver/build/CMakeFiles/CMakeTmp

Run Build Command(s):/usr/bin/gmake -f Makefile cmTC_444c7/fast && /usr/bin/gmake  -f CMakeFiles/cmTC_444c7.dir/build.make CMakeFiles/cmTC_444c7.dir/build
gmake[1]: Entering directory '/home/xujiake/VScode_file/task3_ceres_project/ceres_solver/build/CMakeFiles/CMakeTmp'
Building C object CMakeFiles/cmTC_444c7.dir/CheckFunctionExists.c.o
/usr/bin/cc   -DCHECK_FUNCTION_EXISTS=cheev_ -o CMakeFiles/cmTC_444c7.dir/CheckFunctionExists.c.o -c /usr/share/cmake-3.22/Modules/CheckFunctionExists.c
Linking C executable cmTC_444c7
/usr/bin/cmake -E cmake_link_script CMakeFiles/cmTC_444c7.dir/link.txt --verbose=1
/usr/bin/cc  -DCHECK_FUNCTION_EXISTS=cheev_ CMakeFiles/cmTC_444c7.dir/CheckFunctionExists.c.o -o cmTC_444c7  /usr/lib/x86_64-linux-gnu/libblas.so /usr/lib/x86_64-linux-gnu/libf77blas.so /usr/lib/x86_64-linux-gnu/libatlas.so -lm -ldl 
/usr/bin/ld: CMakeFiles/cmTC_444c7.dir/CheckFunctionExists.c.o: in function `main':
CheckFunctionExists.c:(.text+0x14): undefined reference to `cheev_'
collect2: error: ld returned 1 exit status
gmake[1]: *** [CMakeFiles/cmTC_444c7.dir/build.make:102: cmTC_444c7] Error 1
gmake[1]: Leaving directory '/home/xujiake/VScode_file/task3_ceres_project/ceres_solver/build/CMakeFiles/CMakeTmp'
gmake: *** [Makefile:127: cmTC_444c7/fast] Error 2



Determining if the function cheev_ exists failed with the following output:
Change Dir: /home/xujiake/VScode_file/task3_ceres_project/ceres_solver/build/CMakeFiles/CMakeTmp

Run Build Command(s):/usr/bin/gmake -f Makefile cmTC_0664e/fast && /usr/bin/gmake  -f CMakeFiles/cmTC_0664e.dir/build.make CMakeFiles/cmTC_0664e.dir/build
gmake[1]: Entering directory '/home/xujiake/VScode_file/task3_ceres_project/ceres_solver/build/CMakeFiles/CMakeTmp'
Building C object CMakeFiles/cmTC_0664e.dir/CheckFunctionExists.c.o
/usr/bin/cc   -DCHECK_FUNCTION_EXISTS=cheev_ -o CMakeFiles/cmTC_0664e.dir/CheckFunctionExists.c.o -c /usr/share/cmake-3.22/Modules/CheckFunctionExists.c
Linking C executable cmTC_0664e
/usr/bin/cmake -E cmake_link_script CMakeFiles/cmTC_0664e.dir/link.txt --verbose=1
/usr/bin/cc  -DCHECK_FUNCTION_EXISTS=cheev_ CMakeFiles/cmTC_0664e.dir/CheckFunctionExists.c.o -o cmTC_0664e  /usr/lib/x86_64-linux-gnu/liblapack.so /usr/lib/x86_64-linux-gnu/libblas.so /usr/lib/x86_64-linux-gnu/libf77blas.so /usr/lib/x86_64-linux-gnu/libatlas.so -fortranlibs 
cc: error: unrecognized command-line option ‘-fortranlibs’
gmake[1]: *** [CMakeFiles/cmTC_0664e.dir/build.make:103: cmTC_0664e] Error 1
gmake[1]: Leaving directory '/home/xujiake/VScode_file/task3_ceres_project/ceres_solver/build/CMakeFiles/CMakeTmp'
gmake: *** [Makefile:127: cmTC_0664e/fast] Error 2



